<?xml version="1.0" encoding="UTF-8"?>
<testng-results ignored="0" total="4" passed="4" failed="0" skipped="0">
  <reporter-output>
  </reporter-output>
  <suite started-at="2022-07-21T15:55:01 IST" name="Default suite" finished-at="2022-07-21T15:55:06 IST" duration-ms="4353">
    <groups>
    </groups>
    <test started-at="2022-07-21T15:55:01 IST" name="Default test" finished-at="2022-07-21T15:55:06 IST" duration-ms="4353">
      <class name="endPoints.GenerateEndPoint">
        <test-method is-config="true" signature="setup()[pri:0, instance:endPoints.GenerateEndPoint@c2db68f]" started-at="2022-07-21T15:55:01 IST" name="setup" finished-at="2022-07-21T15:55:02 IST" duration-ms="307" status="PASS">
          <reporter-output>
          </reporter-output>
        </test-method> <!-- setup -->
        <test-method signature="validateRequest(java.lang.String,java.lang.String,java.lang.String)[pri:0, instance:endPoints.GenerateEndPoint@c2db68f]" started-at="2022-07-21T15:55:02 IST" name="validateRequest" data-provider="ExcelData" finished-at="2022-07-21T15:55:03 IST" duration-ms="1141" status="PASS">
          <params>
            <param index="0">
              <value>
                <![CDATA[GET]]>
              </value>
            </param>
            <param index="1">
              <value>
                <![CDATA[api/users?page=2]]>
              </value>
            </param>
            <param index="2">
              <value is-null="true"/>
            </param>
          </params>
          <reporter-output>
          </reporter-output>
        </test-method> <!-- validateRequest -->
        <test-method signature="validateRequest(java.lang.String,java.lang.String,java.lang.String)[pri:0, instance:endPoints.GenerateEndPoint@c2db68f]" started-at="2022-07-21T15:55:03 IST" name="validateRequest" data-provider="ExcelData" finished-at="2022-07-21T15:55:04 IST" duration-ms="1577" status="PASS">
          <params>
            <param index="0">
              <value>
                <![CDATA[POST]]>
              </value>
            </param>
            <param index="1">
              <value>
                <![CDATA[api/users]]>
              </value>
            </param>
            <param index="2">
              <value>
                <![CDATA[{
"name": "Francy",
"job":"Test"
 }]]>
              </value>
            </param>
          </params>
          <reporter-output>
          </reporter-output>
        </test-method> <!-- validateRequest -->
        <test-method signature="validateRequest(java.lang.String,java.lang.String,java.lang.String)[pri:0, instance:endPoints.GenerateEndPoint@c2db68f]" started-at="2022-07-21T15:55:04 IST" name="validateRequest" data-provider="ExcelData" finished-at="2022-07-21T15:55:05 IST" duration-ms="508" status="PASS">
          <params>
            <param index="0">
              <value>
                <![CDATA[PUT]]>
              </value>
            </param>
            <param index="1">
              <value>
                <![CDATA[api/users/]]>
              </value>
            </param>
            <param index="2">
              <value>
                <![CDATA[{
"name": "Francy",
"job":"Basic"
 }]]>
              </value>
            </param>
          </params>
          <reporter-output>
          </reporter-output>
        </test-method> <!-- validateRequest -->
        <test-method signature="validateRequest(java.lang.String,java.lang.String,java.lang.String)[pri:0, instance:endPoints.GenerateEndPoint@c2db68f]" started-at="2022-07-21T15:55:05 IST" name="validateRequest" data-provider="ExcelData" finished-at="2022-07-21T15:55:06 IST" duration-ms="614" status="PASS">
          <params>
            <param index="0">
              <value>
                <![CDATA[DELETE]]>
              </value>
            </param>
            <param index="1">
              <value>
                <![CDATA[api/users/]]>
              </value>
            </param>
            <param index="2">
              <value is-null="true"/>
            </param>
          </params>
          <reporter-output>
          </reporter-output>
        </test-method> <!-- validateRequest -->
        <test-method is-config="true" signature="writeToExcel()[pri:0, instance:endPoints.GenerateEndPoint@c2db68f]" started-at="2022-07-21T15:55:06 IST" name="writeToExcel" finished-at="2022-07-21T15:55:06 IST" duration-ms="174" status="PASS">
          <reporter-output>
          </reporter-output>
        </test-method> <!-- writeToExcel -->
      </class> <!-- endPoints.GenerateEndPoint -->
    </test> <!-- Default test -->
  </suite> <!-- Default suite -->
</testng-results>
