<?xml version="1.0" encoding="UTF-8"?>
<!-- Generated by org.testng.reporters.JUnitXMLReporter -->
<testsuite ignored="0" hostname="LIN51015006" failures="0" tests="4" name="Default test" time="4.353" errors="0" timestamp="2022-07-21T15:55:06 IST">
  <testcase classname="endPoints.GenerateEndPoint" name="validateRequest" time="1.141"/>
  <testcase classname="endPoints.GenerateEndPoint" name="validateRequest" time="1.577"/>
  <testcase classname="endPoints.GenerateEndPoint" name="validateRequest" time="0.508"/>
  <testcase classname="endPoints.GenerateEndPoint" name="validateRequest" time="0.614"/>
</testsuite> <!-- Default test -->
